<?xml version="1.0" encoding="UTF-8"?>
<testng-results skipped="0" failed="1" ignored="3" total="14" passed="10">
  <reporter-output>
  </reporter-output>
  <suite name="Loan Department" duration-ms="109" started-at="2020-10-16T15:50:31Z" finished-at="2020-10-16T15:50:31Z">
    <groups>
      <group name="smoke">
        <method signature="Day2.ploan()[pri:0, instance:testng.Day2@12d3a4e9]" name="ploan" class="testng.Day2"/>
        <method signature="Day4.mobileLoginHomeLoan()[pri:0, instance:testng.Day4@25a65b77]" name="mobileLoginHomeLoan" class="testng.Day4"/>
        <method signature="Day3.mobileLoginCarLoan()[pri:0, instance:testng.Day3@5ad851c9]" name="mobileLoginCarLoan" class="testng.Day3"/>
      </group> <!-- smoke -->
    </groups>
    <test name="Car Loan" duration-ms="108" started-at="2020-10-16T15:50:31Z" finished-at="2020-10-16T15:50:31Z">
      <class name="testng.Day3">
        <test-method status="PASS" signature="beforeSuite()[pri:0, instance:testng.Day3@5ad851c9]" name="beforeSuite" is-config="true" duration-ms="17" started-at="2020-10-16T15:50:31Z" finished-at="2020-10-16T15:50:31Z">
          <reporter-output>
          </reporter-output>
        </test-method> <!-- beforeSuite -->
        <test-method status="PASS" signature="beforeClass()[pri:0, instance:testng.Day3@5ad851c9]" name="beforeClass" is-config="true" duration-ms="2" started-at="2020-10-16T15:50:31Z" finished-at="2020-10-16T15:50:31Z">
          <reporter-output>
          </reporter-output>
        </test-method> <!-- beforeClass -->
        <test-method status="PASS" signature="beforeMethod()[pri:0, instance:testng.Day3@5ad851c9]" name="beforeMethod" is-config="true" duration-ms="2" started-at="2020-10-16T15:50:31Z" finished-at="2020-10-16T15:50:31Z">
          <reporter-output>
          </reporter-output>
        </test-method> <!-- beforeMethod -->
        <test-method status="PASS" signature="mobileLoginCarLoan()[pri:0, instance:testng.Day3@5ad851c9]" name="mobileLoginCarLoan" duration-ms="4" started-at="2020-10-16T15:50:31Z" finished-at="2020-10-16T15:50:31Z">
          <reporter-output>
          </reporter-output>
        </test-method> <!-- mobileLoginCarLoan -->
        <test-method status="PASS" signature="afterMethod()[pri:0, instance:testng.Day3@5ad851c9]" name="afterMethod" is-config="true" duration-ms="0" started-at="2020-10-16T15:50:31Z" finished-at="2020-10-16T15:50:31Z">
          <reporter-output>
          </reporter-output>
        </test-method> <!-- afterMethod -->
        <test-method status="PASS" signature="beforeMethod()[pri:0, instance:testng.Day3@5ad851c9]" name="beforeMethod" is-config="true" duration-ms="0" started-at="2020-10-16T15:50:31Z" finished-at="2020-10-16T15:50:31Z">
          <reporter-output>
          </reporter-output>
        </test-method> <!-- beforeMethod -->
        <test-method status="PASS" signature="mobilesignoutCarLoan()[pri:0, instance:testng.Day3@5ad851c9]" name="mobilesignoutCarLoan" duration-ms="14" started-at="2020-10-16T15:50:31Z" finished-at="2020-10-16T15:50:31Z">
          <reporter-output>
          </reporter-output>
        </test-method> <!-- mobilesignoutCarLoan -->
        <test-method status="PASS" signature="afterMethod()[pri:0, instance:testng.Day3@5ad851c9]" name="afterMethod" is-config="true" duration-ms="0" started-at="2020-10-16T15:50:31Z" finished-at="2020-10-16T15:50:31Z">
          <reporter-output>
          </reporter-output>
        </test-method> <!-- afterMethod -->
        <test-method status="PASS" signature="beforeMethod()[pri:0, instance:testng.Day3@5ad851c9]" name="beforeMethod" is-config="true" duration-ms="0" started-at="2020-10-16T15:50:31Z" finished-at="2020-10-16T15:50:31Z">
          <reporter-output>
          </reporter-output>
        </test-method> <!-- beforeMethod -->
        <test-method status="PASS" signature="mobilesignoutCarLoanDataProvider(java.lang.String, java.lang.String)[pri:0, instance:testng.Day3@5ad851c9]" name="mobilesignoutCarLoanDataProvider" duration-ms="3" started-at="2020-10-16T15:50:31Z" data-provider="getData" finished-at="2020-10-16T15:50:31Z">
          <params>
            <param index="0">
              <value>
                <![CDATA[firstsetusername]]>
              </value>
            </param>
            <param index="1">
              <value>
                <![CDATA[firstpassword]]>
              </value>
            </param>
          </params>
          <reporter-output>
          </reporter-output>
        </test-method> <!-- mobilesignoutCarLoanDataProvider -->
        <test-method status="PASS" signature="afterMethod()[pri:0, instance:testng.Day3@5ad851c9]" name="afterMethod" is-config="true" duration-ms="1" started-at="2020-10-16T15:50:31Z" finished-at="2020-10-16T15:50:31Z">
          <reporter-output>
          </reporter-output>
        </test-method> <!-- afterMethod -->
        <test-method status="PASS" signature="beforeMethod()[pri:0, instance:testng.Day3@5ad851c9]" name="beforeMethod" is-config="true" duration-ms="1" started-at="2020-10-16T15:50:31Z" finished-at="2020-10-16T15:50:31Z">
          <reporter-output>
          </reporter-output>
        </test-method> <!-- beforeMethod -->
        <test-method status="PASS" signature="mobilesignoutCarLoanDataProvider(java.lang.String, java.lang.String)[pri:0, instance:testng.Day3@5ad851c9]" name="mobilesignoutCarLoanDataProvider" duration-ms="3" started-at="2020-10-16T15:50:31Z" data-provider="getData" finished-at="2020-10-16T15:50:31Z">
          <params>
            <param index="0">
              <value>
                <![CDATA[secondsetusername]]>
              </value>
            </param>
            <param index="1">
              <value>
                <![CDATA[secondpassword]]>
              </value>
            </param>
          </params>
          <reporter-output>
          </reporter-output>
        </test-method> <!-- mobilesignoutCarLoanDataProvider -->
        <test-method status="PASS" signature="afterMethod()[pri:0, instance:testng.Day3@5ad851c9]" name="afterMethod" is-config="true" duration-ms="0" started-at="2020-10-16T15:50:31Z" finished-at="2020-10-16T15:50:31Z">
          <reporter-output>
          </reporter-output>
        </test-method> <!-- afterMethod -->
        <test-method status="PASS" signature="mobilesignoutCarLoanDataProvider(java.lang.String, java.lang.String)[pri:0, instance:testng.Day3@5ad851c9]" name="mobilesignoutCarLoanDataProvider" duration-ms="1" started-at="2020-10-16T15:50:31Z" data-provider="getData" finished-at="2020-10-16T15:50:31Z">
          <params>
            <param index="0">
              <value>
                <![CDATA[thirdsetusername]]>
              </value>
            </param>
            <param index="1">
              <value>
                <![CDATA[thirdpassword]]>
              </value>
            </param>
          </params>
          <reporter-output>
          </reporter-output>
        </test-method> <!-- mobilesignoutCarLoanDataProvider -->
        <test-method status="PASS" signature="beforeMethod()[pri:0, instance:testng.Day3@5ad851c9]" name="beforeMethod" is-config="true" duration-ms="0" started-at="2020-10-16T15:50:31Z" finished-at="2020-10-16T15:50:31Z">
          <reporter-output>
          </reporter-output>
        </test-method> <!-- beforeMethod -->
        <test-method status="PASS" signature="afterMethod()[pri:0, instance:testng.Day3@5ad851c9]" name="afterMethod" is-config="true" duration-ms="0" started-at="2020-10-16T15:50:31Z" finished-at="2020-10-16T15:50:31Z">
          <reporter-output>
          </reporter-output>
        </test-method> <!-- afterMethod -->
        <test-method status="PASS" signature="beforeMethod()[pri:0, instance:testng.Day3@5ad851c9]" name="beforeMethod" is-config="true" duration-ms="0" started-at="2020-10-16T15:50:31Z" finished-at="2020-10-16T15:50:31Z">
          <reporter-output>
          </reporter-output>
        </test-method> <!-- beforeMethod -->
        <test-method status="PASS" signature="webLoginCarLoan(java.lang.String, java.lang.String)[pri:0, instance:testng.Day3@5ad851c9]" name="webLoginCarLoan" duration-ms="2" started-at="2020-10-16T15:50:31Z" finished-at="2020-10-16T15:50:31Z">
          <params>
            <param index="0">
              <value>
                <![CDATA[carloan.com]]>
              </value>
            </param>
            <param index="1">
              <value>
                <![CDATA[123456]]>
              </value>
            </param>
          </params>
          <reporter-output>
          </reporter-output>
        </test-method> <!-- webLoginCarLoan -->
        <test-method status="PASS" signature="afterMethod()[pri:0, instance:testng.Day3@5ad851c9]" name="afterMethod" is-config="true" duration-ms="1" started-at="2020-10-16T15:50:31Z" finished-at="2020-10-16T15:50:31Z">
          <reporter-output>
          </reporter-output>
        </test-method> <!-- afterMethod -->
        <test-method status="PASS" signature="afterClass()[pri:0, instance:testng.Day3@5ad851c9]" name="afterClass" is-config="true" duration-ms="0" started-at="2020-10-16T15:50:31Z" finished-at="2020-10-16T15:50:31Z">
          <reporter-output>
          </reporter-output>
        </test-method> <!-- afterClass -->
      </class> <!-- testng.Day3 -->
      <class name="testng.Day1">
        <test-method status="PASS" signature="afterSuite()[pri:0, instance:testng.Day1@240237d2]" name="afterSuite" is-config="true" duration-ms="0" started-at="2020-10-16T15:50:31Z" finished-at="2020-10-16T15:50:31Z">
          <reporter-output>
          </reporter-output>
        </test-method> <!-- afterSuite -->
      </class> <!-- testng.Day1 -->
    </test> <!-- Car Loan -->
    <test name="Personal Loan" duration-ms="81" started-at="2020-10-16T15:50:31Z" finished-at="2020-10-16T15:50:31Z">
      <class name="testng.Day4">
        <test-method status="PASS" signature="loginAPIHomeLoan()[pri:0, instance:testng.Day4@25a65b77]" name="loginAPIHomeLoan" duration-ms="3" started-at="2020-10-16T15:50:31Z" finished-at="2020-10-16T15:50:31Z">
          <reporter-output>
          </reporter-output>
        </test-method> <!-- loginAPIHomeLoan -->
        <test-method status="PASS" signature="mobileLoginHomeLoan()[pri:0, instance:testng.Day4@25a65b77]" name="mobileLoginHomeLoan" duration-ms="2" started-at="2020-10-16T15:50:31Z" finished-at="2020-10-16T15:50:31Z">
          <reporter-output>
          </reporter-output>
        </test-method> <!-- mobileLoginHomeLoan -->
        <test-method status="PASS" signature="webLoginHomeLoan(java.lang.String)[pri:0, instance:testng.Day4@25a65b77]" name="webLoginHomeLoan" duration-ms="2" started-at="2020-10-16T15:50:31Z" finished-at="2020-10-16T15:50:31Z">
          <params>
            <param index="0">
              <value>
                <![CDATA[personalloan.com]]>
              </value>
            </param>
          </params>
          <reporter-output>
          </reporter-output>
        </test-method> <!-- webLoginHomeLoan -->
      </class> <!-- testng.Day4 -->
      <class name="testng.Day1">
        <test-method status="FAIL" signature="demo()[pri:0, instance:testng.Day1@240237d2]" name="demo" duration-ms="15" started-at="2020-10-16T15:50:31Z" finished-at="2020-10-16T15:50:31Z">
          <exception class="java.lang.AssertionError">
            <message>
              <![CDATA[expected [true] but found [false]]]>
            </message>
            <full-stacktrace>
              <![CDATA[java.lang.AssertionError: expected [true] but found [false]
at org.testng.Assert.fail(Assert.java:96)
at org.testng.Assert.failNotEquals(Assert.java:776)
at org.testng.Assert.assertTrue(Assert.java:44)
at org.testng.Assert.assertTrue(Assert.java:54)
at testng.Day1.demo(Day1.java:24)
at sun.reflect.NativeMethodAccessorImpl.invoke0(Native Method)
at sun.reflect.NativeMethodAccessorImpl.invoke(Unknown Source)
at sun.reflect.DelegatingMethodAccessorImpl.invoke(Unknown Source)
at java.lang.reflect.Method.invoke(Unknown Source)
at org.testng.internal.MethodInvocationHelper.invokeMethod(MethodInvocationHelper.java:124)
at org.testng.internal.Invoker.invokeMethod(Invoker.java:583)
at org.testng.internal.Invoker.invokeTestMethod(Invoker.java:719)
at org.testng.internal.Invoker.invokeTestMethods(Invoker.java:989)
at org.testng.internal.TestMethodWorker.invokeTestMethods(TestMethodWorker.java:125)
at org.testng.internal.TestMethodWorker.run(TestMethodWorker.java:109)
at org.testng.TestRunner.privateRun(TestRunner.java:648)
at org.testng.TestRunner.run(TestRunner.java:505)
at org.testng.SuiteRunner.runTest(SuiteRunner.java:455)
at org.testng.SuiteRunner.access$000(SuiteRunner.java:40)
at org.testng.SuiteRunner$SuiteWorker.run(SuiteRunner.java:489)
at org.testng.internal.thread.ThreadUtil$1.call(ThreadUtil.java:52)
at java.util.concurrent.FutureTask.run(Unknown Source)
at java.util.concurrent.ThreadPoolExecutor.runWorker(Unknown Source)
at java.util.concurrent.ThreadPoolExecutor$Worker.run(Unknown Source)
at java.lang.Thread.run(Unknown Source)
]]>
            </full-stacktrace>
          </exception> <!-- java.lang.AssertionError -->
          <reporter-output>
          </reporter-output>
        </test-method> <!-- demo -->
        <test-method status="PASS" signature="lastexecution()[pri:0, instance:testng.Day1@240237d2]" name="lastexecution" is-config="true" duration-ms="1" started-at="2020-10-16T15:50:31Z" finished-at="2020-10-16T15:50:31Z">
          <reporter-output>
          </reporter-output>
        </test-method> <!-- lastexecution -->
      </class> <!-- testng.Day1 -->
      <class name="testng.Day2">
        <test-method status="PASS" signature="prerequister()[pri:0, instance:testng.Day2@12d3a4e9]" name="prerequister" is-config="true" duration-ms="1" started-at="2020-10-16T15:50:31Z" finished-at="2020-10-16T15:50:31Z">
          <reporter-output>
          </reporter-output>
        </test-method> <!-- prerequister -->
        <test-method status="PASS" signature="ploan()[pri:0, instance:testng.Day2@12d3a4e9]" name="ploan" duration-ms="3" started-at="2020-10-16T15:50:31Z" finished-at="2020-10-16T15:50:31Z">
          <reporter-output>
          </reporter-output>
        </test-method> <!-- ploan -->
      </class> <!-- testng.Day2 -->
    </test> <!-- Personal Loan -->
  </suite> <!-- Loan Department -->
</testng-results>
