<?xml version="1.0" encoding="UTF-8"?>
<!-- Generated by org.testng.reporters.JUnitXMLReporter -->
<testsuite hostname="DESKTOP-JRH31QL" ignored="2" name="Car Loan" tests="6" failures="0" timestamp="16 Oct 2020 15:50:31 GMT" time="0.108" errors="0">
  <testcase name="mobileLoginCarLoan" time="0.004" classname="testng.Day3"/>
  <testcase name="mobilesignoutCarLoan" time="0.014" classname="testng.Day3"/>
  <testcase name="mobilesignoutCarLoanDataProvider" time="0.003" classname="testng.Day3"/>
  <testcase name="mobilesignoutCarLoanDataProvider" time="0.003" classname="testng.Day3"/>
  <testcase name="mobilesignoutCarLoanDataProvider" time="0.001" classname="testng.Day3"/>
  <testcase name="webLoginCarLoan" time="0.002" classname="testng.Day3"/>
  <testcase name="mobilesigninCarLoan" time="0.0" classname="testng.Day3">
    <ignored/>
  </testcase> <!-- mobilesigninCarLoan -->
  <testcase name="APIcarLoan" time="0.0" classname="testng.Day3">
    <ignored/>
  </testcase> <!-- APIcarLoan -->
</testsuite> <!-- Car Loan -->
