<?xml version="1.0" encoding="UTF-8"?>
<!-- Generated by org.testng.reporters.JUnitXMLReporter -->
<testsuite hostname="DESKTOP-JRH31QL" ignored="3" name="Regression" tests="8" failures="0" timestamp="2020-10-16T18:05:57 IST" time="0.089" errors="0">
  <testcase name="SecondTest" time="0.007" classname="testng.Day1"/>
  <testcase name="demo" time="0.002" classname="testng.Day1"/>
  <testcase name="loginAPIHomeLoan" time="0.002" classname="testng.Day4"/>
  <testcase name="webLoginHomeLoan" time="0.001" classname="testng.Day4"/>
  <testcase name="APIcarLoan" time="0.002" classname="testng.Day3"/>
  <testcase name="mobilesigninCarLoan" time="0.003" classname="testng.Day3"/>
  <testcase name="mobilesignoutCarLoan" time="0.001" classname="testng.Day3"/>
  <testcase name="webLoginCarLoan" time="0.002" classname="testng.Day3"/>
  <testcase name="mobileLoginCarLoan" time="0.0" classname="testng.Day3">
    <ignored/>
  </testcase> <!-- mobileLoginCarLoan -->
  <testcase name="mobileLoginHomeLoan" time="0.0" classname="testng.Day4">
    <ignored/>
  </testcase> <!-- mobileLoginHomeLoan -->
  <testcase name="ploan" time="0.0" classname="testng.Day2">
    <ignored/>
  </testcase> <!-- ploan -->
</testsuite> <!-- Regression -->
